TN:
SF:contracts/AuctionETH.sol
DA:32,16
FN:32,AuctionETH.constructor
FNDA:16,AuctionETH.constructor
DA:33,16
BRDA:33,0,0,6
BRDA:33,0,1,10
DA:34,10
DA:35,10
DA:36,10
DA:37,10
DA:38,10
DA:39,10
DA:40,10
DA:41,10
DA:56,360
FN:56,AuctionETH.bid
FNDA:360,AuctionETH.bid
DA:57,360
BRDA:57,1,0,1
DA:58,359
BRDA:58,2,0,1
DA:59,358
BRDA:59,3,0,99
DA:61,358
DA:62,358
DA:63,358
DA:67,6
FN:67,AuctionETH.auctionEnd
FNDA:6,AuctionETH.auctionEnd
DA:68,6
BRDA:68,4,0,2
DA:69,1
BRDA:69,5,0,1
DA:70,3
BRDA:70,6,0,1
DA:71,2
DA:72,2
DA:73,2
DA:74,2
DA:76,2
BRDA:76,7,0,2
DA:77,2
DA:78,2
BRDA:78,8,0,-
DA:80,2
DA:81,2
BRDA:81,9,0,-
DA:85,2
FN:85,AuctionETH.forceEndAuction
FNDA:2,AuctionETH.forceEndAuction
DA:86,2
BRDA:86,10,0,-
DA:87,2
BRDA:87,11,0,1
DA:88,1
DA:92,1
FN:92,AuctionETH.claimReturns
FNDA:1,AuctionETH.claimReturns
DA:93,1
DA:94,1
BRDA:94,12,0,-
DA:95,1
DA:96,1
DA:97,1
BRDA:97,13,0,-
FNF:5
FNH:5
LF:40
LH:40
BRF:15
BRH:10
end_of_record
TN:
SF:contracts/AuctionETHFactory.sol
DA:16,3
FN:16,AuctionETHFactory.constructor
FNDA:3,AuctionETHFactory.constructor
DA:17,3
DA:20,4
FN:20,AuctionETHFactory.createAuction
FNDA:4,AuctionETHFactory.createAuction
DA:26,4
DA:34,4
DA:35,4
DA:38,2
FN:38,AuctionETHFactory.getAuctions
FNDA:2,AuctionETHFactory.getAuctions
DA:39,2
FNF:3
FNH:3
LF:8
LH:8
BRF:0
BRH:0
end_of_record
TN:
SF:contracts/Staking.sol
DA:16,8
FN:16,Staking.constructor
FNDA:8,Staking.constructor
DA:17,8
DA:18,8
DA:24,5
FN:24,Staking.stake
FNDA:5,Staking.stake
DA:26,5
DA:28,5
DA:30,4
DA:32,4
DA:37,3
FN:37,Staking.stakePermit
FNDA:3,Staking.stakePermit
DA:43,3
DA:45,3
DA:53,1
DA:55,1
DA:57,1
DA:61,5
FN:61,Staking.balanceOf
FNDA:5,Staking.balanceOf
DA:62,5
FNF:4
FNH:4
LF:16
LH:16
BRF:0
BRH:0
end_of_record
TN:
SF:contracts/Token.sol
DA:12,28
FN:12,Token.constructor
FNDA:28,Token.constructor
DA:13,28
DA:14,28
DA:16,25
FN:16,Token.mint
FNDA:25,Token.mint
DA:17,23
FNF:2
FNH:2
LF:5
LH:5
BRF:0
BRH:0
end_of_record
TN:
SF:contracts/Vesting.sol
DA:38,14
FN:38,Vesting.constructor
FNDA:14,Vesting.constructor
DA:39,14
DA:40,14
DA:41,14
DA:55,16
FN:55,Vesting.addSchedule
FNDA:16,Vesting.addSchedule
DA:63,15
BRDA:63,0,0,2
DA:64,13
BRDA:64,1,0,1
DA:65,12
DA:66,12
DA:80,5
FN:80,Vesting.revokeSchedule
FNDA:5,Vesting.revokeSchedule
DA:81,4
BRDA:81,2,0,1
DA:83,3
DA:84,1
BRDA:84,3,0,1
DA:85,2
BRDA:85,4,0,-
DA:86,2
BRDA:86,5,0,1
DA:87,1
DA:88,1
DA:89,1
DA:90,1
DA:91,1
DA:95,10
FN:95,Vesting.validSch
FNDA:10,Vesting.validSch
DA:96,10
BRDA:96,6,0,-
DA:97,10
DA:102,2
FN:102,Vesting.status
FNDA:2,Vesting.status
DA:103,1
DA:107,10
FN:107,Vesting.claimableAmount
FNDA:10,Vesting.claimableAmount
DA:108,10
DA:109,10
DA:110,9
BRDA:110,7,0,3
DA:111,6
DA:112,6
DA:116,1
FN:116,Vesting.getSchedulesCount
FNDA:1,Vesting.getSchedulesCount
DA:117,1
DA:121,3
FN:121,Vesting.claimToken
FNDA:3,Vesting.claimToken
DA:122,3
DA:123,3
DA:124,3
DA:125,3
BRDA:125,8,0,-
DA:126,3
DA:127,3
BRDA:127,9,0,2
DA:128,1
DA:129,1
DA:130,1
DA:131,1
DA:135,1
FN:135,Vesting.claimAllToken
FNDA:1,Vesting.claimAllToken
DA:136,1
DA:137,1
DA:138,1
DA:139,1
BRDA:139,10,0,-
DA:140,1
DA:141,1
DA:142,1
DA:143,1
DA:144,1
DA:148,15
FN:148,Vesting._computeAmountToRelease
FNDA:15,Vesting._computeAmountToRelease
DA:149,15
DA:150,15
BRDA:150,11,0,8
BRDA:150,11,1,1
DA:151,8
DA:152,7
BRDA:152,12,0,2
BRDA:152,12,1,1
DA:153,2
DA:154,5
BRDA:154,13,0,3
BRDA:154,13,1,1
DA:155,3
DA:156,2
BRDA:156,14,0,1
BRDA:156,14,1,1
DA:157,1
DA:159,1
DA:164,8
FN:164,Vesting._computeLinear
FNDA:8,Vesting._computeLinear
DA:165,8
BRDA:165,15,0,-
DA:166,8
BRDA:166,16,0,3
DA:167,5
DA:169,2
FN:169,Vesting._computeCliff
FNDA:2,Vesting._computeCliff
DA:170,2
BRDA:170,17,0,-
DA:171,2
BRDA:171,18,0,-
DA:172,2
BRDA:172,19,0,1
DA:173,1
DA:176,3
FN:176,Vesting._computeStep
FNDA:3,Vesting._computeStep
DA:177,3
BRDA:177,20,0,-
DA:178,3
BRDA:178,21,0,-
DA:179,3
DA:181,1
FN:181,Vesting._computeExponential
FNDA:1,Vesting._computeExponential
DA:182,1
BRDA:182,22,0,-
DA:183,1
BRDA:183,23,0,-
DA:184,1
DA:185,1
DA:189,1
FN:189,Vesting.contractBalance
FNDA:1,Vesting.contractBalance
DA:190,14
FNF:15
FNH:15
LF:85
LH:85
BRF:28
BRH:17
end_of_record
TN:
SF:script/00_DeployAll.s.sol
DA:30,0
FN:30,DeployAll.run
FNDA:0,DeployAll.run
DA:32,0
DA:33,0
DA:34,0
DA:35,0
DA:36,0
DA:37,0
FNF:1
FNH:0
LF:7
LH:0
BRF:0
BRH:0
end_of_record
TN:
SF:script/01_DeployToken.s.sol
DA:27,0
FN:27,DeployToken.run
FNDA:0,DeployToken.run
DA:28,0
DA:29,0
FNF:1
FNH:0
LF:3
LH:0
BRF:0
BRH:0
end_of_record
TN:
SF:script/02_DeployVesting.s.sol
DA:27,0
FN:27,DeployVesting.run
FNDA:0,DeployVesting.run
DA:28,0
DA:29,0
DA:30,0
FNF:1
FNH:0
LF:4
LH:0
BRF:0
BRH:0
end_of_record
TN:
SF:script/03_DeployStaking.s.sol
DA:27,0
FN:27,DeployStaking.run
FNDA:0,DeployStaking.run
DA:28,0
DA:29,0
DA:30,0
FNF:1
FNH:0
LF:4
LH:0
BRF:0
BRH:0
end_of_record
TN:
SF:script/04_DeployAuctionETH.s.sol
DA:27,0
FN:27,DeployAuctionETH.run
FNDA:0,DeployAuctionETH.run
DA:28,0
DA:29,0
DA:30,0
FNF:1
FNH:0
LF:4
LH:0
BRF:0
BRH:0
end_of_record
TN:
SF:script/Deploy.s.sol
DA:14,0
FN:14,DeployScript.run
FNDA:0,DeployScript.run
DA:18,0
DA:19,0
FNF:1
FNH:0
LF:3
LH:0
BRF:0
BRH:0
end_of_record
TN:
SF:script/DeployHelpers.s.sol
DA:29,0
FN:29,ScaffoldETHDeploy.ScaffoldEthDeployerRunner
FNDA:0,ScaffoldETHDeploy.ScaffoldEthDeployerRunner
DA:30,0
DA:31,0
BRDA:31,0,0,-
DA:32,0
DA:35,0
DA:36,0
DA:39,0
FN:39,ScaffoldETHDeploy._startBroadcast
FNDA:0,ScaffoldETHDeploy._startBroadcast
DA:40,0
DA:41,0
DA:43,0
BRDA:43,1,0,-
DA:44,0
BRDA:44,2,0,-
DA:45,0
DA:46,0
BRDA:46,2,1,-
DA:47,0
DA:50,0
DA:53,0
FN:53,ScaffoldETHDeploy._stopBroadcast
FNDA:0,ScaffoldETHDeploy._stopBroadcast
DA:54,0
DA:57,0
FN:57,ScaffoldETHDeploy.exportDeployments
FNDA:0,ScaffoldETHDeploy.exportDeployments
DA:59,0
DA:60,0
DA:61,0
DA:62,0
DA:64,0
DA:66,0
DA:68,0
DA:69,0
DA:72,0
DA:74,0
BRDA:74,3,0,-
DA:75,0
DA:76,0
BRDA:76,3,1,-
DA:77,0
DA:79,0
DA:80,0
DA:83,0
FN:83,ScaffoldETHDeploy.findChainName
FNDA:0,ScaffoldETHDeploy.findChainName
DA:84,0
DA:85,0
DA:86,0
DA:87,0
BRDA:87,4,0,-
DA:88,0
BRDA:88,5,0,-
DA:89,0
DA:91,0
BRDA:91,4,1,-
DA:92,0
DA:95,0
FNF:5
FNH:0
LF:43
LH:0
BRF:9
BRH:0
end_of_record
TN:
SF:script/VerifyAll.s.sol
DA:26,0
FN:26,VerifyAll.run
FNDA:0,VerifyAll.run
DA:27,0
DA:28,0
DA:29,0
DA:30,0
DA:32,0
DA:33,0
DA:34,0
DA:38,0
FN:38,VerifyAll._verifyIfContractDeployment
FNDA:0,VerifyAll._verifyIfContractDeployment
DA:39,0
DA:40,0
DA:41,0
BRDA:41,0,0,-
DA:42,0
DA:46,0
FN:46,VerifyAll._verifyContract
FNDA:0,VerifyAll._verifyContract
DA:47,0
DA:48,0
DA:49,0
DA:50,0
DA:51,0
DA:52,0
DA:53,0
DA:54,0
DA:55,0
DA:59,0
DA:60,0
DA:61,0
DA:62,0
DA:63,0
DA:64,0
DA:65,0
DA:66,0
DA:67,0
DA:68,0
DA:70,0
DA:72,0
BRDA:72,1,0,-
BRDA:72,1,1,-
DA:73,0
DA:74,0
DA:76,0
DA:78,0
DA:81,0
FN:81,VerifyAll.nextTransaction
FNDA:0,VerifyAll.nextTransaction
DA:82,0
DA:84,0
BRDA:84,2,0,-
DA:85,0
BRDA:85,3,0,-
DA:86,0
DA:88,0
DA:89,0
BRDA:89,2,1,-
DA:90,0
DA:94,0
FN:94,VerifyAll._getCompiledBytecode
FNDA:0,VerifyAll._getCompiledBytecode
DA:95,0
DA:96,0
DA:97,0
DA:100,0
FN:100,VerifyAll.searchStr
FNDA:0,VerifyAll.searchStr
DA:101,0
FNF:6
FNH:0
LF:53
LH:0
BRF:6
BRH:0
end_of_record
